USING CUDA
USING CUDA
Manual seed for pytorch: 1765239924
Hyperparameters:
attention_dropout 0.2
batch_cky False
bert_do_lower_case True
bert_model 'bert-base-cased'
bert_transliterate ''
char_lstm_input_dropout 0.2
clip_grad_norm 0.0
d_char_emb 32
d_ff 2048
d_kv 64
d_label_hidden 256
d_model 1024
d_tag_hidden 256
elmo_dropout 0.5
embedding_dropout 0.0
integration 'hard'
label_weights False
learning_rate 1e-05
learning_rate_warmup_steps 160
max_consecutive_decays 3
max_len_dev 0
max_len_train 0
metric 'l2'
morpho_emb_dropout 0.2
no_mlp False
num_heads 8
num_layers 2
num_layers_position_only 0
partitioned True
predict_tags False
relu_dropout 0.1
residual_dropout 0.2
sentence_max_len 300
step_decay True
step_decay_factor 0.5
step_decay_patience 5
tag_emb_dropout 0.2
tag_loss_scale 5.0
timing_dropout 0.0
use_bert True
use_bert_only False
use_chars_lstm False
use_elmo False
use_label_weights False
use_tags False
use_words False
word_emb_dropout 0.4
zero_empty False
Loading training trees from data/02-21.10way.clean...
Loaded 39,832 training examples.
Loading development trees from data/22.auto.clean...
Loaded 1,700 development examples.
Processing trees for training...
Constructing vocabularies...
Initializing model...
Loading parameters from models/en_bertbase_empty_nl2_dev=95.32.pt
Using gpu 1 for index
Initializing optimizer...
Training...
epoch 1 batch 1/1,245 processed 32 batch-loss 80.1533 grad-norm 443.2945 epoch-elapsed 0h00m02s total-elapsed 0h00m02s
epoch 1 batch 2/1,245 processed 64 batch-loss 68.6573 grad-norm 381.0730 epoch-elapsed 0h00m04s total-elapsed 0h00m04s
epoch 1 batch 3/1,245 processed 96 batch-loss 105.3526 grad-norm 541.9690 epoch-elapsed 0h00m07s total-elapsed 0h00m07s
epoch 1 batch 4/1,245 processed 128 batch-loss 91.4568 grad-norm 467.5744 epoch-elapsed 0h00m10s total-elapsed 0h00m10s
epoch 1 batch 5/1,245 processed 160 batch-loss 100.4092 grad-norm 474.9160 epoch-elapsed 0h00m13s total-elapsed 0h00m13s
epoch 1 batch 6/1,245 processed 192 batch-loss 98.5169 grad-norm 483.4762 epoch-elapsed 0h00m16s total-elapsed 0h00m16s
epoch 1 batch 7/1,245 processed 224 batch-loss 70.7678 grad-norm 375.6145 epoch-elapsed 0h00m18s total-elapsed 0h00m18s
epoch 1 batch 8/1,245 processed 256 batch-loss 97.6360 grad-norm 562.3716 epoch-elapsed 0h00m21s total-elapsed 0h00m21s
epoch 1 batch 9/1,245 processed 288 batch-loss 106.2843 grad-norm 479.5722 epoch-elapsed 0h00m24s total-elapsed 0h00m24s
epoch 1 batch 10/1,245 processed 320 batch-loss 97.7529 grad-norm 430.0709 epoch-elapsed 0h00m27s total-elapsed 0h00m27s
epoch 1 batch 11/1,245 processed 352 batch-loss 72.2920 grad-norm 372.7583 epoch-elapsed 0h00m29s total-elapsed 0h00m29s
epoch 1 batch 12/1,245 processed 384 batch-loss 109.2937 grad-norm 437.7212 epoch-elapsed 0h00m32s total-elapsed 0h00m32s
epoch 1 batch 13/1,245 processed 416 batch-loss 87.5445 grad-norm 442.6218 epoch-elapsed 0h00m35s total-elapsed 0h00m35s
epoch 1 batch 14/1,245 processed 448 batch-loss 112.7489 grad-norm 541.4519 epoch-elapsed 0h00m39s total-elapsed 0h00m39s
epoch 1 batch 15/1,245 processed 480 batch-loss 76.6871 grad-norm 364.3823 epoch-elapsed 0h00m41s total-elapsed 0h00m41s
epoch 1 batch 16/1,245 processed 512 batch-loss 66.4659 grad-norm 388.6273 epoch-elapsed 0h00m43s total-elapsed 0h00m43s
epoch 1 batch 17/1,245 processed 544 batch-loss 115.6189 grad-norm 454.2230 epoch-elapsed 0h00m47s total-elapsed 0h00m47s
epoch 1 batch 18/1,245 processed 576 batch-loss 82.9816 grad-norm 391.5180 epoch-elapsed 0h00m50s total-elapsed 0h00m50s
epoch 1 batch 19/1,245 processed 608 batch-loss 98.6794 grad-norm 455.8948 epoch-elapsed 0h00m52s total-elapsed 0h00m52s
epoch 1 batch 20/1,245 processed 640 batch-loss 88.8136 grad-norm 392.8721 epoch-elapsed 0h00m55s total-elapsed 0h00m55s
epoch 1 batch 21/1,245 processed 672 batch-loss 84.1425 grad-norm 395.5365 epoch-elapsed 0h00m58s total-elapsed 0h00m58s
epoch 1 batch 22/1,245 processed 704 batch-loss 114.7976 grad-norm 575.4659 epoch-elapsed 0h01m01s total-elapsed 0h01m01s
epoch 1 batch 23/1,245 processed 736 batch-loss 99.8865 grad-norm 412.9449 epoch-elapsed 0h01m05s total-elapsed 0h01m05s
epoch 1 batch 24/1,245 processed 768 batch-loss 92.2054 grad-norm 411.0880 epoch-elapsed 0h01m08s total-elapsed 0h01m08s
epoch 1 batch 25/1,245 processed 800 batch-loss 77.6946 grad-norm 372.5798 epoch-elapsed 0h01m10s total-elapsed 0h01m10s
epoch 1 batch 26/1,245 processed 832 batch-loss 97.7011 grad-norm 426.4155 epoch-elapsed 0h01m13s total-elapsed 0h01m13s
epoch 1 batch 27/1,245 processed 864 batch-loss 99.1908 grad-norm 509.1322 epoch-elapsed 0h01m17s total-elapsed 0h01m17s
epoch 1 batch 28/1,245 processed 896 batch-loss 99.7085 grad-norm 450.5446 epoch-elapsed 0h01m20s total-elapsed 0h01m20s
epoch 1 batch 29/1,245 processed 928 batch-loss 84.0359 grad-norm 340.6524 epoch-elapsed 0h01m23s total-elapsed 0h01m23s
epoch 1 batch 30/1,245 processed 960 batch-loss 81.4724 grad-norm 546.6617 epoch-elapsed 0h01m25s total-elapsed 0h01m25s
epoch 1 batch 31/1,245 processed 992 batch-loss 108.4979 grad-norm 456.0396 epoch-elapsed 0h01m28s total-elapsed 0h01m28s
epoch 1 batch 32/1,245 processed 1,024 batch-loss 71.0358 grad-norm 336.5078 epoch-elapsed 0h01m31s total-elapsed 0h01m31s
epoch 1 batch 33/1,245 processed 1,056 batch-loss 80.1321 grad-norm 322.1678 epoch-elapsed 0h01m33s total-elapsed 0h01m33s
epoch 1 batch 34/1,245 processed 1,088 batch-loss 97.9712 grad-norm 444.6578 epoch-elapsed 0h01m37s total-elapsed 0h01m37s
epoch 1 batch 35/1,245 processed 1,120 batch-loss 78.3209 grad-norm 317.1877 epoch-elapsed 0h01m40s total-elapsed 0h01m40s
epoch 1 batch 36/1,245 processed 1,152 batch-loss 69.9900 grad-norm 360.1748 epoch-elapsed 0h01m42s total-elapsed 0h01m42s
epoch 1 batch 37/1,245 processed 1,184 batch-loss 68.0685 grad-norm 323.1830 epoch-elapsed 0h01m44s total-elapsed 0h01m44s
epoch 1 batch 38/1,245 processed 1,216 batch-loss 87.3892 grad-norm 376.1947 epoch-elapsed 0h01m48s total-elapsed 0h01m48s
epoch 1 batch 39/1,245 processed 1,248 batch-loss 96.2686 grad-norm 395.7402 epoch-elapsed 0h01m51s total-elapsed 0h01m51s
epoch 1 batch 40/1,245 processed 1,280 batch-loss 95.1763 grad-norm 403.6124 epoch-elapsed 0h01m54s total-elapsed 0h01m54s
epoch 1 batch 41/1,245 processed 1,312 batch-loss 67.5104 grad-norm 358.8533 epoch-elapsed 0h01m56s total-elapsed 0h01m56s
epoch 1 batch 42/1,245 processed 1,344 batch-loss 89.8681 grad-norm 359.5370 epoch-elapsed 0h01m59s total-elapsed 0h01m59s
epoch 1 batch 43/1,245 processed 1,376 batch-loss 64.3173 grad-norm 249.0977 epoch-elapsed 0h02m01s total-elapsed 0h02m01s
epoch 1 batch 44/1,245 processed 1,408 batch-loss 74.0310 grad-norm 283.7467 epoch-elapsed 0h02m03s total-elapsed 0h02m03s
epoch 1 batch 45/1,245 processed 1,440 batch-loss 93.3841 grad-norm 443.9742 epoch-elapsed 0h02m07s total-elapsed 0h02m07s
epoch 1 batch 46/1,245 processed 1,472 batch-loss 71.7548 grad-norm 329.2980 epoch-elapsed 0h02m10s total-elapsed 0h02m10s
epoch 1 batch 47/1,245 processed 1,504 batch-loss 84.8434 grad-norm 390.0375 epoch-elapsed 0h02m13s total-elapsed 0h02m13s
epoch 1 batch 48/1,245 processed 1,536 batch-loss 104.5082 grad-norm 495.2050 epoch-elapsed 0h02m17s total-elapsed 0h02m17s
epoch 1 batch 49/1,245 processed 1,568 batch-loss 59.4067 grad-norm 262.5608 epoch-elapsed 0h02m19s total-elapsed 0h02m19s
epoch 1 batch 50/1,245 processed 1,600 batch-loss 93.9261 grad-norm 372.9540 epoch-elapsed 0h02m22s total-elapsed 0h02m22s
epoch 1 batch 51/1,245 processed 1,632 batch-loss 65.8717 grad-norm 290.2714 epoch-elapsed 0h02m24s total-elapsed 0h02m24s
epoch 1 batch 52/1,245 processed 1,664 batch-loss 84.3456 grad-norm 308.8388 epoch-elapsed 0h02m27s total-elapsed 0h02m27s
epoch 1 batch 53/1,245 processed 1,696 batch-loss 62.4571 grad-norm 351.3644 epoch-elapsed 0h02m29s total-elapsed 0h02m29s
epoch 1 batch 54/1,245 processed 1,728 batch-loss 89.1858 grad-norm 347.8900 epoch-elapsed 0h02m32s total-elapsed 0h02m32s
epoch 1 batch 55/1,245 processed 1,760 batch-loss 80.0109 grad-norm 347.5826 epoch-elapsed 0h02m35s total-elapsed 0h02m35s
epoch 1 batch 56/1,245 processed 1,792 batch-loss 97.2748 grad-norm 370.1666 epoch-elapsed 0h02m38s total-elapsed 0h02m38s
epoch 1 batch 57/1,245 processed 1,824 batch-loss 71.0850 grad-norm 322.1316 epoch-elapsed 0h02m41s total-elapsed 0h02m41s
epoch 1 batch 58/1,245 processed 1,856 batch-loss 73.3364 grad-norm 308.8545 epoch-elapsed 0h02m43s total-elapsed 0h02m43s
epoch 1 batch 59/1,245 processed 1,888 batch-loss 70.8032 grad-norm 338.1568 epoch-elapsed 0h02m45s total-elapsed 0h02m45s
epoch 1 batch 60/1,245 processed 1,920 batch-loss 59.2177 grad-norm 350.9474 epoch-elapsed 0h02m47s total-elapsed 0h02m47s
epoch 1 batch 61/1,245 processed 1,952 batch-loss 68.8912 grad-norm 335.1543 epoch-elapsed 0h02m49s total-elapsed 0h02m49s
epoch 1 batch 62/1,245 processed 1,984 batch-loss 90.5368 grad-norm 413.7477 epoch-elapsed 0h02m53s total-elapsed 0h02m53s
epoch 1 batch 63/1,245 processed 2,016 batch-loss 71.8820 grad-norm 336.8207 epoch-elapsed 0h02m56s total-elapsed 0h02m56s
epoch 1 batch 64/1,245 processed 2,048 batch-loss 96.9149 grad-norm 424.4253 epoch-elapsed 0h02m59s total-elapsed 0h02m59s
epoch 1 batch 65/1,245 processed 2,080 batch-loss 79.7063 grad-norm 426.5430 epoch-elapsed 0h03m02s total-elapsed 0h03m02s
epoch 1 batch 66/1,245 processed 2,112 batch-loss 99.9141 grad-norm 356.6298 epoch-elapsed 0h03m05s total-elapsed 0h03m05s
epoch 1 batch 67/1,245 processed 2,144 batch-loss 61.6387 grad-norm 257.0521 epoch-elapsed 0h03m07s total-elapsed 0h03m07s
epoch 1 batch 68/1,245 processed 2,176 batch-loss 65.6385 grad-norm 286.8156 epoch-elapsed 0h03m10s total-elapsed 0h03m10s
epoch 1 batch 69/1,245 processed 2,208 batch-loss 81.2194 grad-norm 340.3964 epoch-elapsed 0h03m13s total-elapsed 0h03m13s
epoch 1 batch 70/1,245 processed 2,240 batch-loss 87.7556 grad-norm 364.5580 epoch-elapsed 0h03m16s total-elapsed 0h03m16s
epoch 1 batch 71/1,245 processed 2,272 batch-loss 90.7145 grad-norm 361.4195 epoch-elapsed 0h03m20s total-elapsed 0h03m20s
epoch 1 batch 72/1,245 processed 2,304 batch-loss 71.0160 grad-norm 306.2120 epoch-elapsed 0h03m22s total-elapsed 0h03m22s
epoch 1 batch 73/1,245 processed 2,336 batch-loss 78.2260 grad-norm 317.4202 epoch-elapsed 0h03m25s total-elapsed 0h03m25s
epoch 1 batch 74/1,245 processed 2,368 batch-loss 67.5783 grad-norm 270.3119 epoch-elapsed 0h03m28s total-elapsed 0h03m28s
epoch 1 batch 75/1,245 processed 2,400 batch-loss 73.9577 grad-norm 318.1763 epoch-elapsed 0h03m31s total-elapsed 0h03m31s
epoch 1 batch 76/1,245 processed 2,432 batch-loss 89.4128 grad-norm 375.0155 epoch-elapsed 0h03m34s total-elapsed 0h03m34s
epoch 1 batch 77/1,245 processed 2,464 batch-loss 80.7959 grad-norm 448.5600 epoch-elapsed 0h03m36s total-elapsed 0h03m36s
epoch 1 batch 78/1,245 processed 2,496 batch-loss 82.5838 grad-norm 399.4208 epoch-elapsed 0h03m39s total-elapsed 0h03m39s
epoch 1 batch 79/1,245 processed 2,528 batch-loss 80.5311 grad-norm 324.6226 epoch-elapsed 0h03m42s total-elapsed 0h03m42s
epoch 1 batch 80/1,245 processed 2,560 batch-loss 55.6096 grad-norm 301.5739 epoch-elapsed 0h03m44s total-elapsed 0h03m44s
epoch 1 batch 81/1,245 processed 2,592 batch-loss 63.5046 grad-norm 317.2616 epoch-elapsed 0h03m46s total-elapsed 0h03m46s
epoch 1 batch 82/1,245 processed 2,624 batch-loss 64.3333 grad-norm 305.0503 epoch-elapsed 0h03m48s total-elapsed 0h03m48s
epoch 1 batch 83/1,245 processed 2,656 batch-loss 72.5858 grad-norm 376.9831 epoch-elapsed 0h03m51s total-elapsed 0h03m51s
epoch 1 batch 84/1,245 processed 2,688 batch-loss 93.4881 grad-norm 329.0004 epoch-elapsed 0h03m55s total-elapsed 0h03m55s
epoch 1 batch 85/1,245 processed 2,720 batch-loss 71.2664 grad-norm 311.1803 epoch-elapsed 0h03m57s total-elapsed 0h03m57s
epoch 1 batch 86/1,245 processed 2,752 batch-loss 73.4313 grad-norm 298.5465 epoch-elapsed 0h04m01s total-elapsed 0h04m01s
epoch 1 batch 87/1,245 processed 2,784 batch-loss 69.8586 grad-norm 328.9555 epoch-elapsed 0h04m03s total-elapsed 0h04m03s
epoch 1 batch 88/1,245 processed 2,816 batch-loss 77.9832 grad-norm 326.9041 epoch-elapsed 0h04m06s total-elapsed 0h04m06s
epoch 1 batch 89/1,245 processed 2,848 batch-loss 60.6790 grad-norm 265.9290 epoch-elapsed 0h04m09s total-elapsed 0h04m09s
epoch 1 batch 90/1,245 processed 2,880 batch-loss 89.1682 grad-norm 370.6935 epoch-elapsed 0h04m12s total-elapsed 0h04m12s
epoch 1 batch 91/1,245 processed 2,912 batch-loss 71.9881 grad-norm 331.3629 epoch-elapsed 0h04m14s total-elapsed 0h04m14s
epoch 1 batch 92/1,245 processed 2,944 batch-loss 73.2341 grad-norm 262.0773 epoch-elapsed 0h04m17s total-elapsed 0h04m17s
epoch 1 batch 93/1,245 processed 2,976 batch-loss 74.5466 grad-norm 358.7234 epoch-elapsed 0h04m20s total-elapsed 0h04m20s
epoch 1 batch 94/1,245 processed 3,008 batch-loss 80.0284 grad-norm 374.0308 epoch-elapsed 0h04m24s total-elapsed 0h04m24s
epoch 1 batch 95/1,245 processed 3,040 batch-loss 76.6916 grad-norm 338.8649 epoch-elapsed 0h04m27s total-elapsed 0h04m27s
epoch 1 batch 96/1,245 processed 3,072 batch-loss 75.4302 grad-norm 299.4238 epoch-elapsed 0h04m31s total-elapsed 0h04m31s
epoch 1 batch 97/1,245 processed 3,104 batch-loss 56.1497 grad-norm 281.7116 epoch-elapsed 0h04m33s total-elapsed 0h04m33s
epoch 1 batch 98/1,245 processed 3,136 batch-loss 61.7143 grad-norm 316.0411 epoch-elapsed 0h04m35s total-elapsed 0h04m35s
epoch 1 batch 99/1,245 processed 3,168 batch-loss 75.7731 grad-norm 339.2334 epoch-elapsed 0h04m38s total-elapsed 0h04m38s
epoch 1 batch 100/1,245 processed 3,200 batch-loss 60.9468 grad-norm 283.5545 epoch-elapsed 0h04m41s total-elapsed 0h04m41s
epoch 1 batch 101/1,245 processed 3,232 batch-loss 78.9482 grad-norm 331.4890 epoch-elapsed 0h04m44s total-elapsed 0h04m44s
epoch 1 batch 102/1,245 processed 3,264 batch-loss 64.9872 grad-norm 276.0321 epoch-elapsed 0h04m46s total-elapsed 0h04m46s
epoch 1 batch 103/1,245 processed 3,296 batch-loss 60.1095 grad-norm 352.7841 epoch-elapsed 0h04m49s total-elapsed 0h04m49s
epoch 1 batch 104/1,245 processed 3,328 batch-loss 43.2609 grad-norm 219.1920 epoch-elapsed 0h04m51s total-elapsed 0h04m51s
epoch 1 batch 105/1,245 processed 3,360 batch-loss 61.5760 grad-norm 268.6287 epoch-elapsed 0h04m54s total-elapsed 0h04m54s
epoch 1 batch 106/1,245 processed 3,392 batch-loss 75.9816 grad-norm 349.3275 epoch-elapsed 0h04m57s total-elapsed 0h04m57s
epoch 1 batch 107/1,245 processed 3,424 batch-loss 92.6027 grad-norm 361.2326 epoch-elapsed 0h05m00s total-elapsed 0h05m00s
epoch 1 batch 108/1,245 processed 3,456 batch-loss 56.0349 grad-norm 313.4064 epoch-elapsed 0h05m02s total-elapsed 0h05m02s
epoch 1 batch 109/1,245 processed 3,488 batch-loss 80.9989 grad-norm 451.8425 epoch-elapsed 0h05m05s total-elapsed 0h05m05s
epoch 1 batch 110/1,245 processed 3,520 batch-loss 78.8947 grad-norm 1243.4908 epoch-elapsed 0h05m08s total-elapsed 0h05m08s
epoch 1 batch 111/1,245 processed 3,552 batch-loss 82.2491 grad-norm 318.5735 epoch-elapsed 0h05m12s total-elapsed 0h05m12s
epoch 1 batch 112/1,245 processed 3,584 batch-loss 82.0967 grad-norm 431.9954 epoch-elapsed 0h05m16s total-elapsed 0h05m16s
epoch 1 batch 113/1,245 processed 3,616 batch-loss 55.5069 grad-norm 324.2246 epoch-elapsed 0h05m17s total-elapsed 0h05m17s
epoch 1 batch 114/1,245 processed 3,648 batch-loss 66.8243 grad-norm 319.4015 epoch-elapsed 0h05m20s total-elapsed 0h05m20s
epoch 1 batch 115/1,245 processed 3,680 batch-loss 65.4168 grad-norm 339.0822 epoch-elapsed 0h05m23s total-elapsed 0h05m23s
epoch 1 batch 116/1,245 processed 3,712 batch-loss 52.1550 grad-norm 318.0550 epoch-elapsed 0h05m26s total-elapsed 0h05m26s
epoch 1 batch 117/1,245 processed 3,744 batch-loss 67.1698 grad-norm 298.2586 epoch-elapsed 0h05m28s total-elapsed 0h05m28s
epoch 1 batch 118/1,245 processed 3,776 batch-loss 63.1511 grad-norm 354.4616 epoch-elapsed 0h05m31s total-elapsed 0h05m31s
epoch 1 batch 119/1,245 processed 3,808 batch-loss 74.6783 grad-norm 347.9702 epoch-elapsed 0h05m35s total-elapsed 0h05m35s
epoch 1 batch 120/1,245 processed 3,840 batch-loss 70.6583 grad-norm 296.0944 epoch-elapsed 0h05m38s total-elapsed 0h05m38s
epoch 1 batch 121/1,245 processed 3,872 batch-loss 59.8165 grad-norm 279.7111 epoch-elapsed 0h05m41s total-elapsed 0h05m41s
epoch 1 batch 122/1,245 processed 3,904 batch-loss 54.0295 grad-norm 259.4285 epoch-elapsed 0h05m43s total-elapsed 0h05m43s
epoch 1 batch 123/1,245 processed 3,936 batch-loss 67.3612 grad-norm 324.0594 epoch-elapsed 0h05m46s total-elapsed 0h05m46s
epoch 1 batch 124/1,245 processed 3,968 batch-loss 75.7381 grad-norm 296.6428 epoch-elapsed 0h05m50s total-elapsed 0h05m50s
epoch 1 batch 125/1,245 processed 4,000 batch-loss 52.6232 grad-norm 274.0140 epoch-elapsed 0h05m52s total-elapsed 0h05m52s
epoch 1 batch 126/1,245 processed 4,032 batch-loss 48.4769 grad-norm 220.8566 epoch-elapsed 0h05m55s total-elapsed 0h05m55s
epoch 1 batch 127/1,245 processed 4,064 batch-loss 65.9329 grad-norm 322.7466 epoch-elapsed 0h05m57s total-elapsed 0h05m57s
epoch 1 batch 128/1,245 processed 4,096 batch-loss 66.8393 grad-norm 316.0589 epoch-elapsed 0h06m00s total-elapsed 0h06m00s
epoch 1 batch 129/1,245 processed 4,128 batch-loss 57.3022 grad-norm 296.7902 epoch-elapsed 0h06m03s total-elapsed 0h06m03s
epoch 1 batch 130/1,245 processed 4,160 batch-loss 63.8440 grad-norm 270.2928 epoch-elapsed 0h06m06s total-elapsed 0h06m06s
epoch 1 batch 131/1,245 processed 4,192 batch-loss 57.4545 grad-norm 322.7633 epoch-elapsed 0h06m09s total-elapsed 0h06m09s
epoch 1 batch 132/1,245 processed 4,224 batch-loss 67.2683 grad-norm 319.0947 epoch-elapsed 0h06m11s total-elapsed 0h06m11s
epoch 1 batch 133/1,245 processed 4,256 batch-loss 40.6217 grad-norm 208.5518 epoch-elapsed 0h06m13s total-elapsed 0h06m13s
epoch 1 batch 134/1,245 processed 4,288 batch-loss 48.7391 grad-norm 307.3271 epoch-elapsed 0h06m16s total-elapsed 0h06m16s
epoch 1 batch 135/1,245 processed 4,320 batch-loss 47.8467 grad-norm 261.9252 epoch-elapsed 0h06m17s total-elapsed 0h06m17s
epoch 1 batch 136/1,245 processed 4,352 batch-loss 53.7381 grad-norm 263.1522 epoch-elapsed 0h06m20s total-elapsed 0h06m20s
epoch 1 batch 137/1,245 processed 4,384 batch-loss 67.8728 grad-norm 367.6736 epoch-elapsed 0h06m23s total-elapsed 0h06m23s
epoch 1 batch 138/1,245 processed 4,416 batch-loss 55.2729 grad-norm 283.5465 epoch-elapsed 0h06m25s total-elapsed 0h06m25s
epoch 1 batch 139/1,245 processed 4,448 batch-loss 66.0245 grad-norm 348.5037 epoch-elapsed 0h06m28s total-elapsed 0h06m28s
epoch 1 batch 140/1,245 processed 4,480 batch-loss 66.0625 grad-norm 397.9174 epoch-elapsed 0h06m31s total-elapsed 0h06m31s
epoch 1 batch 141/1,245 processed 4,512 batch-loss 52.9054 grad-norm 330.8096 epoch-elapsed 0h06m34s total-elapsed 0h06m34s
epoch 1 batch 142/1,245 processed 4,544 batch-loss 43.1496 grad-norm 298.0226 epoch-elapsed 0h06m37s total-elapsed 0h06m37s
epoch 1 batch 143/1,245 processed 4,576 batch-loss 58.5446 grad-norm 358.0361 epoch-elapsed 0h06m39s total-elapsed 0h06m39s
epoch 1 batch 144/1,245 processed 4,608 batch-loss 41.2709 grad-norm 253.7409 epoch-elapsed 0h06m42s total-elapsed 0h06m42s
epoch 1 batch 145/1,245 processed 4,640 batch-loss 41.3038 grad-norm 234.9279 epoch-elapsed 0h06m44s total-elapsed 0h06m44s
epoch 1 batch 146/1,245 processed 4,672 batch-loss 60.7925 grad-norm 360.7240 epoch-elapsed 0h06m47s total-elapsed 0h06m47s
epoch 1 batch 147/1,245 processed 4,704 batch-loss 50.2128 grad-norm 301.2799 epoch-elapsed 0h06m49s total-elapsed 0h06m49s
epoch 1 batch 148/1,245 processed 4,736 batch-loss 48.2681 grad-norm 274.8297 epoch-elapsed 0h06m52s total-elapsed 0h06m52s
epoch 1 batch 149/1,245 processed 4,768 batch-loss 58.5904 grad-norm 364.1132 epoch-elapsed 0h06m55s total-elapsed 0h06m55s
epoch 1 batch 150/1,245 processed 4,800 batch-loss 63.6931 grad-norm 330.6274 epoch-elapsed 0h06m58s total-elapsed 0h06m58s
epoch 1 batch 151/1,245 processed 4,832 batch-loss 53.3291 grad-norm 277.3419 epoch-elapsed 0h07m01s total-elapsed 0h07m01s
epoch 1 batch 152/1,245 processed 4,864 batch-loss 59.2352 grad-norm 357.7753 epoch-elapsed 0h07m04s total-elapsed 0h07m04s
epoch 1 batch 153/1,245 processed 4,896 batch-loss 44.4729 grad-norm 253.9507 epoch-elapsed 0h07m06s total-elapsed 0h07m06s
epoch 1 batch 154/1,245 processed 4,928 batch-loss 46.0984 grad-norm 223.7855 epoch-elapsed 0h07m09s total-elapsed 0h07m09s
epoch 1 batch 155/1,245 processed 4,960 batch-loss 63.1327 grad-norm 317.5039 epoch-elapsed 0h07m12s total-elapsed 0h07m12s
epoch 1 batch 156/1,245 processed 4,992 batch-loss 40.9204 grad-norm 219.9175 epoch-elapsed 0h07m14s total-elapsed 0h07m14s
epoch 1 batch 157/1,245 processed 5,024 batch-loss 61.0496 grad-norm 332.7385 epoch-elapsed 0h07m18s total-elapsed 0h07m18s
epoch 1 batch 158/1,245 processed 5,056 batch-loss 55.5483 grad-norm 296.9369 epoch-elapsed 0h07m21s total-elapsed 0h07m21s
epoch 1 batch 159/1,245 processed 5,088 batch-loss 62.4194 grad-norm 314.2158 epoch-elapsed 0h07m24s total-elapsed 0h07m24s
epoch 1 batch 160/1,245 processed 5,120 batch-loss 51.0399 grad-norm 354.6517 epoch-elapsed 0h07m27s total-elapsed 0h07m27s
epoch 1 batch 161/1,245 processed 5,152 batch-loss 48.4392 grad-norm 274.7056 epoch-elapsed 0h07m30s total-elapsed 0h07m30s
epoch 1 batch 162/1,245 processed 5,184 batch-loss 35.8161 grad-norm 259.4150 epoch-elapsed 0h07m32s total-elapsed 0h07m32s
epoch 1 batch 163/1,245 processed 5,216 batch-loss 59.9570 grad-norm 279.4912 epoch-elapsed 0h07m35s total-elapsed 0h07m35s
epoch 1 batch 164/1,245 processed 5,248 batch-loss 47.7569 grad-norm 273.5991 epoch-elapsed 0h07m38s total-elapsed 0h07m38s
epoch 1 batch 165/1,245 processed 5,280 batch-loss 29.9742 grad-norm 253.8619 epoch-elapsed 0h07m40s total-elapsed 0h07m40s
epoch 1 batch 166/1,245 processed 5,312 batch-loss 44.4575 grad-norm 247.1629 epoch-elapsed 0h07m43s total-elapsed 0h07m43s
epoch 1 batch 167/1,245 processed 5,344 batch-loss 55.4052 grad-norm 338.9213 epoch-elapsed 0h07m47s total-elapsed 0h07m47s
epoch 1 batch 168/1,245 processed 5,376 batch-loss 38.9080 grad-norm 281.6691 epoch-elapsed 0h07m50s total-elapsed 0h07m50s
epoch 1 batch 169/1,245 processed 5,408 batch-loss 44.3622 grad-norm 299.7660 epoch-elapsed 0h07m53s total-elapsed 0h07m53s
epoch 1 batch 170/1,245 processed 5,440 batch-loss 42.9402 grad-norm 230.7427 epoch-elapsed 0h07m56s total-elapsed 0h07m56s
epoch 1 batch 171/1,245 processed 5,472 batch-loss 47.1419 grad-norm 265.8577 epoch-elapsed 0h07m59s total-elapsed 0h07m59s
epoch 1 batch 172/1,245 processed 5,504 batch-loss 44.3451 grad-norm 302.9415 epoch-elapsed 0h08m02s total-elapsed 0h08m02s
epoch 1 batch 173/1,245 processed 5,536 batch-loss 34.9504 grad-norm 264.3840 epoch-elapsed 0h08m04s total-elapsed 0h08m04s
epoch 1 batch 174/1,245 processed 5,568 batch-loss 31.8300 grad-norm 239.6861 epoch-elapsed 0h08m06s total-elapsed 0h08m06s
epoch 1 batch 175/1,245 processed 5,600 batch-loss 53.8012 grad-norm 282.6793 epoch-elapsed 0h08m10s total-elapsed 0h08m10s
epoch 1 batch 176/1,245 processed 5,632 batch-loss 44.0186 grad-norm 257.6586 epoch-elapsed 0h08m13s total-elapsed 0h08m13s
epoch 1 batch 177/1,245 processed 5,664 batch-loss 32.0501 grad-norm 269.8367 epoch-elapsed 0h08m15s total-elapsed 0h08m15s
epoch 1 batch 178/1,245 processed 5,696 batch-loss 35.7419 grad-norm 231.0661 epoch-elapsed 0h08m17s total-elapsed 0h08m17s
epoch 1 batch 179/1,245 processed 5,728 batch-loss 39.8684 grad-norm 252.6017 epoch-elapsed 0h08m19s total-elapsed 0h08m19s
epoch 1 batch 180/1,245 processed 5,760 batch-loss 61.4366 grad-norm 324.8411 epoch-elapsed 0h08m22s total-elapsed 0h08m22s
epoch 1 batch 181/1,245 processed 5,792 batch-loss 39.3963 grad-norm 274.1892 epoch-elapsed 0h08m25s total-elapsed 0h08m25s
epoch 1 batch 182/1,245 processed 5,824 batch-loss 71.9284 grad-norm 332.0844 epoch-elapsed 0h08m29s total-elapsed 0h08m29s
epoch 1 batch 183/1,245 processed 5,856 batch-loss 35.1790 grad-norm 222.0070 epoch-elapsed 0h08m31s total-elapsed 0h08m31s
epoch 1 batch 184/1,245 processed 5,888 batch-loss 40.3535 grad-norm 266.5133 epoch-elapsed 0h08m34s total-elapsed 0h08m34s
epoch 1 batch 185/1,245 processed 5,920 batch-loss 41.6590 grad-norm 227.3105 epoch-elapsed 0h08m37s total-elapsed 0h08m37s
epoch 1 batch 186/1,245 processed 5,952 batch-loss 44.1088 grad-norm 279.1574 epoch-elapsed 0h08m39s total-elapsed 0h08m39s
epoch 1 batch 187/1,245 processed 5,984 batch-loss 38.6621 grad-norm 249.6907 epoch-elapsed 0h08m42s total-elapsed 0h08m42s
epoch 1 batch 188/1,245 processed 6,016 batch-loss 34.7557 grad-norm 215.6828 epoch-elapsed 0h08m45s total-elapsed 0h08m45s
epoch 1 batch 189/1,245 processed 6,048 batch-loss 43.3144 grad-norm 313.3148 epoch-elapsed 0h08m47s total-elapsed 0h08m47s
epoch 1 batch 190/1,245 processed 6,080 batch-loss 43.1565 grad-norm 234.2660 epoch-elapsed 0h08m50s total-elapsed 0h08m50s
epoch 1 batch 191/1,245 processed 6,112 batch-loss 51.8842 grad-norm 381.3546 epoch-elapsed 0h08m53s total-elapsed 0h08m53s
epoch 1 batch 192/1,245 processed 6,144 batch-loss 32.8884 grad-norm 247.4381 epoch-elapsed 0h08m55s total-elapsed 0h08m55s
epoch 1 batch 193/1,245 processed 6,176 batch-loss 35.9780 grad-norm 207.4558 epoch-elapsed 0h08m58s total-elapsed 0h08m58s
epoch 1 batch 194/1,245 processed 6,208 batch-loss 43.5265 grad-norm 284.5499 epoch-elapsed 0h09m01s total-elapsed 0h09m01s
epoch 1 batch 195/1,245 processed 6,240 batch-loss 45.1872 grad-norm 248.4782 epoch-elapsed 0h09m04s total-elapsed 0h09m04s
epoch 1 batch 196/1,245 processed 6,272 batch-loss 46.2798 grad-norm 317.4624 epoch-elapsed 0h09m06s total-elapsed 0h09m06s
epoch 1 batch 197/1,245 processed 6,304 batch-loss 43.9447 grad-norm 222.1022 epoch-elapsed 0h09m09s total-elapsed 0h09m09s
epoch 1 batch 198/1,245 processed 6,336 batch-loss 45.6217 grad-norm 315.2624 epoch-elapsed 0h09m12s total-elapsed 0h09m12s
epoch 1 batch 199/1,245 processed 6,368 batch-loss 33.8925 grad-norm 259.0415 epoch-elapsed 0h09m15s total-elapsed 0h09m15s
epoch 1 batch 200/1,245 processed 6,400 batch-loss 49.6981 grad-norm 278.9539 epoch-elapsed 0h09m19s total-elapsed 0h09m19s
epoch 1 batch 201/1,245 processed 6,432 batch-loss 57.4789 grad-norm 316.8208 epoch-elapsed 0h09m23s total-elapsed 0h09m23s
epoch 1 batch 202/1,245 processed 6,464 batch-loss 40.1779 grad-norm 291.2663 epoch-elapsed 0h09m25s total-elapsed 0h09m25s
epoch 1 batch 203/1,245 processed 6,496 batch-loss 35.4772 grad-norm 224.0265 epoch-elapsed 0h09m27s total-elapsed 0h09m27s
epoch 1 batch 204/1,245 processed 6,528 batch-loss 51.8402 grad-norm 315.9950 epoch-elapsed 0h09m32s total-elapsed 0h09m32s
epoch 1 batch 205/1,245 processed 6,560 batch-loss 43.0648 grad-norm 288.4189 epoch-elapsed 0h09m34s total-elapsed 0h09m34s
epoch 1 batch 206/1,245 processed 6,592 batch-loss 36.3042 grad-norm 240.5477 epoch-elapsed 0h09m37s total-elapsed 0h09m37s
epoch 1 batch 207/1,245 processed 6,624 batch-loss 30.9332 grad-norm 211.6607 epoch-elapsed 0h09m40s total-elapsed 0h09m40s
epoch 1 batch 208/1,245 processed 6,656 batch-loss 32.3362 grad-norm 212.7393 epoch-elapsed 0h09m43s total-elapsed 0h09m43s
epoch 1 batch 209/1,245 processed 6,688 batch-loss 41.4785 grad-norm 322.5622 epoch-elapsed 0h09m45s total-elapsed 0h09m45s
epoch 1 batch 210/1,245 processed 6,720 batch-loss 49.3027 grad-norm 292.8167 epoch-elapsed 0h09m48s total-elapsed 0h09m48s
epoch 1 batch 211/1,245 processed 6,752 batch-loss 54.6635 grad-norm 313.5725 epoch-elapsed 0h09m52s total-elapsed 0h09m52s
epoch 1 batch 212/1,245 processed 6,784 batch-loss 52.3629 grad-norm 323.3396 epoch-elapsed 0h09m55s total-elapsed 0h09m55s
epoch 1 batch 213/1,245 processed 6,816 batch-loss 39.5636 grad-norm 283.7264 epoch-elapsed 0h09m57s total-elapsed 0h09m57s
epoch 1 batch 214/1,245 processed 6,848 batch-loss 43.9215 grad-norm 260.1443 epoch-elapsed 0h10m00s total-elapsed 0h10m00s
epoch 1 batch 215/1,245 processed 6,880 batch-loss 36.0221 grad-norm 276.5985 epoch-elapsed 0h10m02s total-elapsed 0h10m02s
epoch 1 batch 216/1,245 processed 6,912 batch-loss 43.0115 grad-norm 298.7723 epoch-elapsed 0h10m05s total-elapsed 0h10m05s
epoch 1 batch 217/1,245 processed 6,944 batch-loss 42.5115 grad-norm 241.6626 epoch-elapsed 0h10m07s total-elapsed 0h10m07s
epoch 1 batch 218/1,245 processed 6,976 batch-loss 26.9592 grad-norm 212.5666 epoch-elapsed 0h10m09s total-elapsed 0h10m09s
epoch 1 batch 219/1,245 processed 7,008 batch-loss 34.4907 grad-norm 221.0059 epoch-elapsed 0h10m12s total-elapsed 0h10m12s
epoch 1 batch 220/1,245 processed 7,040 batch-loss 33.7272 grad-norm 234.5965 epoch-elapsed 0h10m15s total-elapsed 0h10m15s
epoch 1 batch 221/1,245 processed 7,072 batch-loss 35.4696 grad-norm 228.5878 epoch-elapsed 0h10m17s total-elapsed 0h10m17s
epoch 1 batch 222/1,245 processed 7,104 batch-loss 27.4178 grad-norm 207.3994 epoch-elapsed 0h10m19s total-elapsed 0h10m19s
epoch 1 batch 223/1,245 processed 7,136 batch-loss 26.3452 grad-norm 252.8265 epoch-elapsed 0h10m22s total-elapsed 0h10m22s
epoch 1 batch 224/1,245 processed 7,168 batch-loss 40.6341 grad-norm 322.6472 epoch-elapsed 0h10m25s total-elapsed 0h10m25s
epoch 1 batch 225/1,245 processed 7,200 batch-loss 47.7662 grad-norm 275.9968 epoch-elapsed 0h10m28s total-elapsed 0h10m28s
epoch 1 batch 226/1,245 processed 7,232 batch-loss 28.7165 grad-norm 263.3872 epoch-elapsed 0h10m30s total-elapsed 0h10m30s
epoch 1 batch 227/1,245 processed 7,264 batch-loss 51.2037 grad-norm 278.9270 epoch-elapsed 0h10m34s total-elapsed 0h10m34s
epoch 1 batch 228/1,245 processed 7,296 batch-loss 48.2773 grad-norm 306.3233 epoch-elapsed 0h10m36s total-elapsed 0h10m36s
epoch 1 batch 229/1,245 processed 7,328 batch-loss 38.4205 grad-norm 224.5878 epoch-elapsed 0h10m39s total-elapsed 0h10m39s
epoch 1 batch 230/1,245 processed 7,360 batch-loss 37.5828 grad-norm 284.1500 epoch-elapsed 0h10m42s total-elapsed 0h10m42s
epoch 1 batch 231/1,245 processed 7,392 batch-loss 35.9492 grad-norm 243.4622 epoch-elapsed 0h10m45s total-elapsed 0h10m45s
epoch 1 batch 232/1,245 processed 7,424 batch-loss 38.6361 grad-norm 265.4370 epoch-elapsed 0h10m48s total-elapsed 0h10m48s
epoch 1 batch 233/1,245 processed 7,456 batch-loss 31.0676 grad-norm 227.9069 epoch-elapsed 0h10m50s total-elapsed 0h10m50s
epoch 1 batch 234/1,245 processed 7,488 batch-loss 43.8114 grad-norm 306.9973 epoch-elapsed 0h10m53s total-elapsed 0h10m53s
epoch 1 batch 235/1,245 processed 7,520 batch-loss 45.1994 grad-norm 267.1293 epoch-elapsed 0h10m57s total-elapsed 0h10m57s
epoch 1 batch 236/1,245 processed 7,552 batch-loss 26.9206 grad-norm 186.6960 epoch-elapsed 0h10m59s total-elapsed 0h10m59s
epoch 1 batch 237/1,245 processed 7,584 batch-loss 34.8946 grad-norm 263.8718 epoch-elapsed 0h11m02s total-elapsed 0h11m02s
epoch 1 batch 238/1,245 processed 7,616 batch-loss 35.6580 grad-norm 208.9326 epoch-elapsed 0h11m05s total-elapsed 0h11m05s
epoch 1 batch 239/1,245 processed 7,648 batch-loss 31.1492 grad-norm 199.2303 epoch-elapsed 0h11m08s total-elapsed 0h11m08s
epoch 1 batch 240/1,245 processed 7,680 batch-loss 48.4543 grad-norm 287.3390 epoch-elapsed 0h11m11s total-elapsed 0h11m11s
epoch 1 batch 241/1,245 processed 7,712 batch-loss 24.6868 grad-norm 202.5020 epoch-elapsed 0h11m14s total-elapsed 0h11m14s
epoch 1 batch 242/1,245 processed 7,744 batch-loss 35.6259 grad-norm 323.6143 epoch-elapsed 0h11m16s total-elapsed 0h11m16s
epoch 1 batch 243/1,245 processed 7,776 batch-loss 33.9481 grad-norm 273.0868 epoch-elapsed 0h11m19s total-elapsed 0h11m19s
epoch 1 batch 244/1,245 processed 7,808 batch-loss 28.5239 grad-norm 198.8150 epoch-elapsed 0h11m22s total-elapsed 0h11m22s
epoch 1 batch 245/1,245 processed 7,840 batch-loss 30.9285 grad-norm 249.6840 epoch-elapsed 0h11m25s total-elapsed 0h11m25s
epoch 1 batch 246/1,245 processed 7,872 batch-loss 33.4347 grad-norm 228.7561 epoch-elapsed 0h11m27s total-elapsed 0h11m27s
epoch 1 batch 247/1,245 processed 7,904 batch-loss 40.7389 grad-norm 264.6135 epoch-elapsed 0h11m30s total-elapsed 0h11m30s
epoch 1 batch 248/1,245 processed 7,936 batch-loss 44.3796 grad-norm 311.5596 epoch-elapsed 0h11m33s total-elapsed 0h11m33s
epoch 1 batch 249/1,245 processed 7,968 batch-loss 39.4160 grad-norm 235.5919 epoch-elapsed 0h11m36s total-elapsed 0h11m36s
epoch 1 batch 250/1,245 processed 8,000 batch-loss 34.9350 grad-norm 273.6774 epoch-elapsed 0h11m39s total-elapsed 0h11m39s
epoch 1 batch 251/1,245 processed 8,032 batch-loss 28.5308 grad-norm 232.3287 epoch-elapsed 0h11m41s total-elapsed 0h11m42s
epoch 1 batch 252/1,245 processed 8,064 batch-loss 26.9968 grad-norm 197.8180 epoch-elapsed 0h11m44s total-elapsed 0h11m44s
epoch 1 batch 253/1,245 processed 8,096 batch-loss 41.8903 grad-norm 342.3955 epoch-elapsed 0h11m48s total-elapsed 0h11m48s
epoch 1 batch 254/1,245 processed 8,128 batch-loss 35.0607 grad-norm 257.8696 epoch-elapsed 0h11m50s total-elapsed 0h11m50s
epoch 1 batch 255/1,245 processed 8,160 batch-loss 35.6398 grad-norm 241.4714 epoch-elapsed 0h11m53s total-elapsed 0h11m53s
epoch 1 batch 256/1,245 processed 8,192 batch-loss 41.5550 grad-norm 232.0414 epoch-elapsed 0h11m56s total-elapsed 0h11m56s
epoch 1 batch 257/1,245 processed 8,224 batch-loss 45.3774 grad-norm 240.4345 epoch-elapsed 0h12m00s total-elapsed 0h12m00s
epoch 1 batch 258/1,245 processed 8,256 batch-loss 55.6092 grad-norm 380.4643 epoch-elapsed 0h12m04s total-elapsed 0h12m04s